<?xml version="1.0" encoding="UTF-8"?>
<!-- Generated by org.testng.reporters.JUnitReportReporter -->
<testsuite hostname="LAPTOP-69CS28LU" failures="0" tests="1" name="TestSuite.AllTest" time="44.370" errors="0" timestamp="2022-07-10T11:48:30 IST" skipped="0">
  <testcase classname="TestSuite.AllTest" name="test" time="44.370"/>
  <system-out/>
</testsuite> <!-- TestSuite.AllTest -->
