<?xml version="1.0" encoding="UTF-8"?>
<!-- Generated by org.testng.reporters.JUnitReportReporter -->
<testsuite hostname="DESKTOP-8TB4DLL" failures="0" tests="1" name="TestSuite.SmokeTest" time="18.580" errors="0" timestamp="2022-04-14T22:06:39 IST" skipped="0">
  <testcase classname="TestSuite.SmokeTest" name="testing" time="18.580"/>
  <system-out/>
</testsuite> <!-- TestSuite.SmokeTest -->
